<?xml version="1.0" encoding="UTF-8"?>
<!-- Generated by org.testng.reporters.JUnitReportReporter -->
<testsuite skipped="0" hostname="HVTNDAL0215" name="com.w2a.testcases.OpenAccountTest" tests="1" failures="0" timestamp="05 Sep 2022 17:37:58 GMT" time="3.252" errors="0">
  <testcase name="openAccountTest" time="3.252" classname="com.w2a.testcases.OpenAccountTest"/>
</testsuite> <!-- com.w2a.testcases.OpenAccountTest -->
